<?xml version="1.0" encoding="UTF-8" ?>
<testsuite tests="1" failures="0" name="com.objis.demomaven.AppTest" time="0.004" errors="0" skipped="0">
  <properties>
    <property name="java.vendor" value="Oracle Corporation"/>
    <property name="JOB_NAME" value="MavenLocal"/>
    <property name="sun.java.launcher" value="SUN_STANDARD"/>
    <property name="NUMBER_OF_PROCESSORS" value="4"/>
    <property name="sun.management.compiler" value="HotSpot Client Compiler"/>
    <property name="JENKINS_HOME" value="C:\Users\zameddy\.jenkins"/>
    <property name="FPS_BROWSER_USER_PROFILE_STRING" value="Default"/>
    <property name="HUDSON_SERVER_COOKIE" value="94b543b206a8348e"/>
    <property name="POM_ARTIFACTID" value="monappli"/>
    <property name="os.name" value="Windows 10"/>
    <property name="sun.boot.class.path" value="C:\Program Files (x86)\Java\jdk1.8.0_131\jre\lib\resources.jar;C:\Program Files (x86)\Java\jdk1.8.0_131\jre\lib\rt.jar;C:\Program Files (x86)\Java\jdk1.8.0_131\jre\lib\sunrsasign.jar;C:\Program Files (x86)\Java\jdk1.8.0_131\jre\lib\jsse.jar;C:\Program Files (x86)\Java\jdk1.8.0_131\jre\lib\jce.jar;C:\Program Files (x86)\Java\jdk1.8.0_131\jre\lib\charsets.jar;C:\Program Files (x86)\Java\jdk1.8.0_131\jre\lib\jfr.jar;C:\Program Files (x86)\Java\jdk1.8.0_131\jre\classes"/>
    <property name="EXECUTOR_NUMBER" value="1"/>
    <property name="sun.desktop" value="windows"/>
    <property name="PATHEXT" value=".COM;.EXE;.BAT;.CMD;.VBS;.VBE;.JS;.JSE;.WSF;.WSH;.MSC"/>
    <property name="java.vm.specification.vendor" value="Oracle Corporation"/>
    <property name="POM_DISPLAYNAME" value="monappli"/>
    <property name="NODE_LABELS" value="master"/>
    <property name="TEMP" value="C:\Users\zameddy\AppData\Local\Temp"/>
    <property name="java.runtime.version" value="1.8.0_131-b11"/>
    <property name="FPS_BROWSER_APP_PROFILE_STRING" value="Internet Explorer"/>
    <property name="user.name" value="zameddy"/>
    <property name="guice.disable.misplaced.annotation.check" value="true"/>
    <property name="CommonProgramW6432" value="C:\Program Files\Common Files"/>
    <property name="ProgramFiles" value="C:\Program Files"/>
    <property name="PROMPT" value="$P$G"/>
    <property name="user.language" value="fr"/>
    <property name="JOB_BASE_NAME" value="MavenLocal"/>
    <property name="RUN_CHANGES_DISPLAY_URL" value="http://localhost:8080/job/MavenLocal/8/display/redirect?page=changes"/>
    <property name="BUILD_DISPLAY_NAME" value="#8"/>
    <property name="OneDrive" value="C:\Users\zameddy\OneDrive"/>
    <property name="sun.boot.library.path" value="C:\Program Files (x86)\Java\jdk1.8.0_131\jre\bin"/>
    <property name="LOCALAPPDATA" value="C:\Users\zameddy\AppData\Local"/>
    <property name="java.version" value="1.8.0_131"/>
    <property name="PROCESSOR_LEVEL" value="22"/>
    <property name="user.timezone" value="Europe/Paris"/>
    <property name="USERNAME" value="zameddy"/>
    <property name="sun.arch.data.model" value="32"/>
    <property name="NODE_NAME" value="master"/>
    <property name="java.endorsed.dirs" value="C:\Program Files (x86)\Java\jdk1.8.0_131\jre\lib\endorsed"/>
    <property name="BUILD_ID" value="8"/>
    <property name="sun.cpu.isalist" value=""/>
    <property name="sun.jnu.encoding" value="Cp1252"/>
    <property name="file.encoding.pkg" value="sun.io"/>
    <property name="file.separator" value="\"/>
    <property name="java.specification.name" value="Java Platform API Specification"/>
    <property name="HOMEDRIVE" value="C:"/>
    <property name="java.class.version" value="52.0"/>
    <property name="=::" value="::\"/>
    <property name="org.slf4j.simpleLogger.defaultLogLevel" value="info"/>
    <property name="user.country" value="FR"/>
    <property name="ALLUSERSPROFILE" value="C:\ProgramData"/>
    <property name="java.home" value="C:\Program Files (x86)\Java\jdk1.8.0_131\jre"/>
    <property name="java.vm.info" value="mixed mode"/>
    <property name="FSHARPINSTALLDIR" value="C:\Program Files (x86)\Microsoft SDKs\F#\4.1\Framework\v4.0\"/>
    <property name="os.version" value="10.0"/>
    <property name="RUN_DISPLAY_URL" value="http://localhost:8080/job/MavenLocal/8/display/redirect"/>
    <property name="POM_VERSION" value="1.0-SNAPSHOT"/>
    <property name="configsetroot" value="C:\WINDOWS\ConfigSetRoot"/>
    <property name="TMP" value="C:\Users\zameddy\AppData\Local\Temp"/>
    <property name="path.separator" value=";"/>
    <property name="java.vm.version" value="25.131-b11"/>
    <property name="user.variant" value=""/>
    <property name="JOB_DISPLAY_URL" value="http://localhost:8080/job/MavenLocal/display/redirect"/>
    <property name="CommonProgramFiles(x86)" value="C:\Program Files (x86)\Common Files"/>
    <property name="USERDOMAIN_ROAMINGPROFILE" value="LAPTOP-BD9IB738"/>
    <property name="java.awt.printerjob" value="sun.awt.windows.WPrinterJob"/>
    <property name="JAVA_HOME" value="C:\Program Files (x86)\Java\jdk1.8.0_131"/>
    <property name="sun.io.unicode.encoding" value="UnicodeLittle"/>
    <property name="CommonProgramFiles" value="C:\Program Files\Common Files"/>
    <property name="ComSpec" value="C:\WINDOWS\system32\cmd.exe"/>
    <property name="awt.toolkit" value="sun.awt.windows.WToolkit"/>
    <property name="HOMEPATH" value="\Users\zameddy"/>
    <property name="POM_PACKAGING" value="pom"/>
    <property name="user.script" value=""/>
    <property name="COMPUTERNAME" value="LAPTOP-BD9IB738"/>
    <property name="GOOGLE_API_KEY" value="no"/>
    <property name="GOOGLE_DEFAULT_CLIENT_SECRET" value="no"/>
    <property name="POM_GROUPID" value="com.objis.demomaven"/>
    <property name="VBOX_MSI_INSTALL_PATH" value="C:\Program Files\Oracle\VirtualBox\"/>
    <property name="GTK_BASEPATH" value="C:\Program Files (x86)\GtkSharp\2.12\"/>
    <property name="user.home" value="C:\Users\zameddy"/>
    <property name="PUBLIC" value="C:\Users\Public"/>
    <property name="BUILD_TAG" value="jenkins-MavenLocal-8"/>
    <property name="JENKINS_SERVER_COOKIE" value="94b543b206a8348e"/>
    <property name="HUDSON_URL" value="http://localhost:8080/"/>
    <property name="ProgramData" value="C:\ProgramData"/>
    <property name="java.specification.vendor" value="Oracle Corporation"/>
    <property name="USERPROFILE" value="C:\Users\zameddy"/>
    <property name="CLASSPATH" value=""/>
    <property name="java.vendor.url" value="http://java.oracle.com/"/>
    <property name="java.library.path" value="C:\Program Files (x86)\Java\jdk1.8.0_131\bin;C:\WINDOWS\Sun\Java\bin;C:\WINDOWS\system32;C:\WINDOWS;D:\apache-maven-3.3.9/bin;C:\Program Files (x86)\Java\jdk1.8.0_131/bin;C:\Program Files (x86)\Java\jdk1.8.0_131/bin;C:\WINDOWS\system32;C:\WINDOWS;C:\WINDOWS\System32\Wbem;C:\WINDOWS\System32\WindowsPowerShell\v1.0\;C:\Program Files\Git\cmd;C:\ProgramData\ComposerSetup\bin;C:\Program Files\nodejs;C:\Program Files (x86)\Yarn\bin;C:\Program Files\Microsoft SQL Server\130\Tools\Binn\;C:\Program Files\dotnet\;C:\Program Files\Microsoft SQL Server\Client SDK\ODBC\110\Tools\Binn\;C:\Program Files (x86)\Microsoft SQL Server\120\Tools\Binn\;C:\Program Files\Microsoft SQL Server\120\Tools\Binn\;C:\Program Files\Microsoft SQL Server\120\DTS\Binn\;C:\Program Files (x86)\Microsoft SQL Server\110\DTS\Binn\;C:\Program Files (x86)\Microsoft SQL Server\120\DTS\Binn\;C:\Program Files (x86)\Microsoft SQL Server\130\DTS\Binn\;C:\Program Files (x86)\Microsoft SQL Server\140\DTS\Binn\;C:\Program Files (x86)\Microsoft SQL Server\Client SDK\ODBC\130\Tools\Binn\;C:\Program Files (x86)\Microsoft SQL Server\140\Tools\Binn\;C:\Program Files (x86)\Microsoft SQL Server\140\Tools\Binn\ManagementStudio\;C:\Program Files (x86)\GtkSharp\2.12\bin;C:\Program Files\nodejs\;C:\WINDOWS\System32\OpenSSH\;C:\Users\zameddy\AppData\Local\Microsoft\WindowsApps;C:\Program Files\Java\jdk1.8.0_131\bin;C:\Users\zameddy\AppData\Roaming\Composer\vendor\bin;D:\apache-maven-3.5.0\bin;C:\Program Files\nodejs\node_modules\npm;C:\HashiCorp\Vagrant\bin;C:\Users\zameddy\AppData\Local\Yarn\bin;C:\wamp64\bin\php\php7.0.10;C:\Users\zameddy\AppData\Roaming\npm;;."/>
    <property name="java.vm.vendor" value="Oracle Corporation"/>
    <property name="APPDATA" value="C:\Users\zameddy\AppData\Roaming"/>
    <property name="java.runtime.name" value="Java(TM) SE Runtime Environment"/>
    <property name="maven.home" value="D:\apache-maven-3.3.9"/>
    <property name="java.class.path" value="C:\Users\zameddy\.jenkins\plugins\maven-plugin\WEB-INF\lib\maven33-agent-1.8.1.jar;D:\apache-maven-3.3.9\boot\plexus-classworlds-2.5.2.jar;D:\apache-maven-3.3.9/conf/logging"/>
    <property name="sun.java.command" value="jenkins.maven3.agent.Maven33Main D:\apache-maven-3.3.9 C:\Users\zameddy\.jenkins\war\WEB-INF\lib\remoting-3.2.jar C:\Users\zameddy\.jenkins\plugins\maven-plugin\WEB-INF\lib\maven33-interceptor-1.8.1.jar C:\Users\zameddy\.jenkins\plugins\maven-plugin\WEB-INF\lib\maven3-interceptor-commons-1.8.1.jar 63804"/>
    <property name="Path" value="C:\Program Files (x86)\Java\jdk1.8.0_131/bin;C:\WINDOWS\system32;C:\WINDOWS;C:\WINDOWS\System32\Wbem;C:\WINDOWS\System32\WindowsPowerShell\v1.0\;C:\Program Files\Git\cmd;C:\ProgramData\ComposerSetup\bin;C:\Program Files\nodejs;C:\Program Files (x86)\Yarn\bin;C:\Program Files\Microsoft SQL Server\130\Tools\Binn\;C:\Program Files\dotnet\;C:\Program Files\Microsoft SQL Server\Client SDK\ODBC\110\Tools\Binn\;C:\Program Files (x86)\Microsoft SQL Server\120\Tools\Binn\;C:\Program Files\Microsoft SQL Server\120\Tools\Binn\;C:\Program Files\Microsoft SQL Server\120\DTS\Binn\;C:\Program Files (x86)\Microsoft SQL Server\110\DTS\Binn\;C:\Program Files (x86)\Microsoft SQL Server\120\DTS\Binn\;C:\Program Files (x86)\Microsoft SQL Server\130\DTS\Binn\;C:\Program Files (x86)\Microsoft SQL Server\140\DTS\Binn\;C:\Program Files (x86)\Microsoft SQL Server\Client SDK\ODBC\130\Tools\Binn\;C:\Program Files (x86)\Microsoft SQL Server\140\Tools\Binn\;C:\Program Files (x86)\Microsoft SQL Server\140\Tools\Binn\ManagementStudio\;C:\Program Files (x86)\GtkSharp\2.12\bin;C:\Program Files\nodejs\;C:\WINDOWS\System32\OpenSSH\;C:\Users\zameddy\AppData\Local\Microsoft\WindowsApps;C:\Program Files\Java\jdk1.8.0_131\bin;C:\Users\zameddy\AppData\Roaming\Composer\vendor\bin;D:\apache-maven-3.5.0\bin;C:\Program Files\nodejs\node_modules\npm;C:\HashiCorp\Vagrant\bin;C:\Users\zameddy\AppData\Local\Yarn\bin;C:\wamp64\bin\php\php7.0.10;C:\Users\zameddy\AppData\Roaming\npm;"/>
    <property name="java.vm.specification.name" value="Java Virtual Machine Specification"/>
    <property name="PROCESSOR_ARCHITECTURE" value="AMD64"/>
    <property name="PATH+JDK" value="C:\Program Files (x86)\Java\jdk1.8.0_131/bin"/>
    <property name="PROCESSOR_IDENTIFIER" value="AMD64 Family 22 Model 48 Stepping 1, AuthenticAMD"/>
    <property name="SESSIONNAME" value="Console"/>
    <property name="java.vm.specification.version" value="1.8"/>
    <property name="sun.os.patch.level" value=""/>
    <property name="sun.cpu.endian" value="little"/>
    <property name="M2_HOME" value="D:\apache-maven-3.3.9"/>
    <property name="java.io.tmpdir" value="C:\Users\zameddy\AppData\Local\Temp\"/>
    <property name="OS" value="Windows_NT"/>
    <property name="HUDSON_HOME" value="C:\Users\zameddy\.jenkins"/>
    <property name="PATH+MAVEN" value="D:\apache-maven-3.3.9/bin"/>
    <property name="ProgramFiles(x86)" value="C:\Program Files (x86)"/>
    <property name="BUILD_URL" value="http://localhost:8080/job/MavenLocal/8/"/>
    <property name="java.vendor.url.bug" value="http://bugreport.sun.com/bugreport/"/>
    <property name="java.awt.graphicsenv" value="sun.awt.Win32GraphicsEnvironment"/>
    <property name="os.arch" value="x86"/>
    <property name="SystemRoot" value="C:\WINDOWS"/>
    <property name="java.ext.dirs" value="C:\Program Files (x86)\Java\jdk1.8.0_131\jre\lib\ext;C:\WINDOWS\Sun\Java\lib\ext"/>
    <property name="user.dir" value="C:\Users\zameddy\hubiC\formationIntegrationContinue\Decembre2018\monappli-optimise\monappli"/>
    <property name="JOB_URL" value="http://localhost:8080/job/MavenLocal/"/>
    <property name="GOOGLE_DEFAULT_CLIENT_ID" value="no"/>
    <property name="LOGONSERVER" value="\\LAPTOP-BD9IB738"/>
    <property name="USERDOMAIN" value="LAPTOP-BD9IB738"/>
    <property name="line.separator" value="
"/>
    <property name="MAVEN_HOME" value="D:\apache-maven-3.3.9"/>
    <property name="java.vm.name" value="Java HotSpot(TM) Client VM"/>
    <property name="BUILD_NUMBER" value="8"/>
    <property name="JENKINS_URL" value="http://localhost:8080/"/>
    <property name="PROCESSOR_REVISION" value="3001"/>
    <property name="ProgramW6432" value="C:\Program Files"/>
    <property name="windir" value="C:\WINDOWS"/>
    <property name="=C:" value="C:\Users\zameddy\hubiC\formationIntegrationContinue\outils"/>
    <property name="file.encoding" value="Cp1252"/>
    <property name="SystemDrive" value="C:"/>
    <property name="maven3.interceptor" value="C:\Users\zameddy\.jenkins\plugins\maven-plugin\WEB-INF\lib\maven33-interceptor-1.8.1.jar"/>
    <property name="WORKSPACE" value="C:\Users\zameddy\.jenkins\workspace\MavenLocal"/>
    <property name="maven3.interceptor.common" value="C:\Users\zameddy\.jenkins\plugins\maven-plugin\WEB-INF\lib\maven3-interceptor-commons-1.8.1.jar"/>
    <property name="java.specification.version" value="1.8"/>
    <property name="PSModulePath" value="C:\Program Files\WindowsPowerShell\Modules;C:\WINDOWS\system32\WindowsPowerShell\v1.0\Modules;C:\Program Files\WindowsPowerShell\Modules\;C:\Program Files (x86)\Microsoft SDKs\Azure\PowerShell\ResourceManager\AzureResourceManager\;C:\Program Files (x86)\Microsoft SDKs\Azure\PowerShell\ServiceManagement\;C:\Program Files (x86)\Microsoft SDKs\Azure\PowerShell\Storage\;C:\Program Files (x86)\Microsoft SQL Server\120\Tools\PowerShell\Modules\"/>
    <property name="DriverData" value="C:\Windows\System32\Drivers\DriverData"/>
  </properties>
  <testcase classname="com.objis.demomaven.AppTest" name="testApp" time="0.004"/>
</testsuite>